2012-05-26 01:41:51,731 INFO  [org.eclim.eclipse.AbstractEclimApplication] Workspace: C:/Users/mike/Documents/descargas/Dropbox/projects_DesarrolloSofwareW_S/eclipse_Projects_W_S
2012-05-26 01:41:51,732 INFO  [org.eclim.eclipse.AbstractEclimApplication] Starting eclim...
2012-05-26 01:41:51,928 INFO  [org.eclim.eclipse.AbstractEclimApplication] Loading plugin org.eclim
2012-05-26 01:41:52,402 INFO  [org.eclim.eclipse.AbstractEclimApplication] Loading plugin org.eclim.core
2012-05-26 01:41:53,456 INFO  [org.eclim.plugin.core.CorePlugin] Loading eclim plugins...
2012-05-26 01:41:53,461 INFO  [org.eclim.plugin.core.CorePlugin] Loading plugin org.eclim.cdt
2012-05-26 01:41:53,466 INFO  [org.eclim.plugin.core.CorePlugin] Loading plugin org.eclim.dltkruby
2012-05-26 01:41:53,476 INFO  [org.eclim.plugin.core.CorePlugin] Loading plugin org.eclim.dltk
2012-05-26 01:41:53,477 INFO  [org.eclim.plugin.core.CorePlugin] Loading plugin org.eclim.jdt
2012-05-26 01:41:53,481 INFO  [org.eclim.plugin.core.CorePlugin] Loading plugin org.eclim.pdt
2012-05-26 01:41:53,483 INFO  [org.eclim.plugin.core.CorePlugin] Loading plugin org.eclim.wst
2012-05-26 01:41:53,491 INFO  [org.eclim.plugin.core.CorePlugin] Plugins loaded.
2012-05-26 01:41:53,491 INFO  [org.eclim.eclipse.AbstractEclimApplication] Loaded plugin org.eclim.core
2012-05-26 01:41:53,496 INFO  [org.eclim.eclipse.AbstractEclimApplication] Eclim Server Started on: 127.0.0.1:9091
2012-05-26 01:41:54,068 INFO  [org.eclim.plugin.jdt.PluginResources] Setting 'JRE_SRC' to 'C:/Program Files/Java/jdk1.7.0_03/src.zip'
2012-05-26 02:14:48,940 INFO  [org.eclim.eclipse.AbstractEclimApplication] Shutting down eclim...
2012-05-26 02:14:48,945 INFO  [org.eclim.eclipse.AbstractEclimApplication] Stopping plugin org.eclim.core
2012-05-26 02:14:48,950 INFO  [org.eclim.plugin.core.CorePlugin] Stopping plugin org.eclim.cdt
2012-05-26 02:14:48,951 INFO  [org.eclim.plugin.core.CorePlugin] Stopping plugin org.eclim.dltkruby
2012-05-26 02:14:48,951 INFO  [org.eclim.plugin.core.CorePlugin] Stopping plugin org.eclim.dltk
2012-05-26 02:14:48,951 INFO  [org.eclim.plugin.core.CorePlugin] Stopping plugin org.eclim.jdt
2012-05-26 02:14:48,952 INFO  [org.eclim.plugin.core.CorePlugin] Stopping plugin org.eclim.pdt
2012-05-26 02:14:48,952 INFO  [org.eclim.plugin.core.CorePlugin] Stopping plugin org.eclim.wst
2012-05-26 02:14:48,953 INFO  [org.eclim.eclipse.AbstractEclimApplication] Clean osgi config...
2012-05-26 02:14:50,923 INFO  [org.eclim.eclipse.AbstractEclimApplication] Eclim stopped.
2012-05-26 03:33:40,026 INFO  [org.eclim.eclipse.AbstractEclimApplication] Workspace: C:/Users/mike/Documents/descargas/Dropbox/projects_DesarrolloSofwareW_S/eclipse_Projects_W_S
2012-05-26 03:33:40,175 INFO  [org.eclim.eclipse.AbstractEclimApplication] Starting eclim...
2012-05-26 03:33:40,200 INFO  [org.eclim.eclipse.AbstractEclimApplication] Loading plugin org.eclim
2012-05-26 03:33:40,286 INFO  [org.eclim.eclipse.AbstractEclimApplication] Loading plugin org.eclim.core
2012-05-26 03:33:40,743 INFO  [org.eclim.plugin.core.CorePlugin] Loading eclim plugins...
2012-05-26 03:33:40,748 INFO  [org.eclim.plugin.core.CorePlugin] Loading plugin org.eclim.jdt
2012-05-26 03:33:40,810 INFO  [org.eclim.plugin.core.CorePlugin] Plugins loaded.
2012-05-26 03:33:40,811 INFO  [org.eclim.eclipse.AbstractEclimApplication] Loaded plugin org.eclim.core
2012-05-26 03:33:40,843 INFO  [org.eclim.eclipse.AbstractEclimApplication] Eclim Server Started on: 127.0.0.1:9091
2012-05-26 03:33:41,002 INFO  [org.eclim.plugin.jdt.PluginResources] Setting 'JRE_SRC' to 'C:/Program Files/Java/jdk1.7.0_03/src.zip'
2012-05-26 03:35:25,757 INFO  [org.eclim.eclipse.AbstractEclimApplication] Shutting down eclim...
2012-05-26 03:35:25,762 INFO  [org.eclim.eclipse.AbstractEclimApplication] Stopping plugin org.eclim.core
2012-05-26 03:35:25,763 INFO  [org.eclim.plugin.core.CorePlugin] Stopping plugin org.eclim.jdt
2012-05-26 03:35:25,765 INFO  [org.eclim.eclipse.AbstractEclimApplication] Clean osgi config...
2012-05-26 03:35:25,933 INFO  [org.eclim.eclipse.AbstractEclimApplication] Eclim stopped.
2012-06-02 13:09:17,424 INFO  [org.eclim.eclipse.AbstractEclimApplication] Workspace: C:/Users/mike/Documents/descargas/Dropbox/projects_DesarrolloSofwareW_S/eclipse_Projects_W_S
2012-06-02 13:09:17,438 INFO  [org.eclim.eclipse.AbstractEclimApplication] Starting eclim...
2012-06-02 13:09:17,896 INFO  [org.eclim.eclipse.AbstractEclimApplication] Loading plugin org.eclim
2012-06-02 13:09:18,118 INFO  [org.eclim.eclipse.AbstractEclimApplication] Loading plugin org.eclim.core
2012-06-02 13:09:18,712 INFO  [org.eclim.plugin.core.CorePlugin] Loading eclim plugins...
2012-06-02 13:09:18,794 INFO  [org.eclim.plugin.core.CorePlugin] Loading plugin org.eclim.jdt
2012-06-02 13:09:18,807 INFO  [org.eclim.plugin.core.CorePlugin] Plugins loaded.
2012-06-02 13:09:18,808 INFO  [org.eclim.eclipse.AbstractEclimApplication] Loaded plugin org.eclim.core
2012-06-02 13:09:18,808 INFO  [org.eclim.eclipse.AbstractEclimApplication] Eclim Server Started on: 127.0.0.1:9091
2012-06-02 13:15:38,506 INFO  [org.eclim.eclipse.AbstractEclimApplication] Shutting down eclim...
2012-06-02 13:15:38,511 INFO  [org.eclim.eclipse.AbstractEclimApplication] Stopping plugin org.eclim.core
2012-06-02 13:15:38,516 INFO  [org.eclim.plugin.core.CorePlugin] Stopping plugin org.eclim.jdt
2012-06-02 13:15:38,518 INFO  [org.eclim.eclipse.AbstractEclimApplication] Clean osgi config...
2012-06-02 13:15:39,179 INFO  [org.eclim.eclipse.AbstractEclimApplication] Eclim stopped.
2012-06-02 16:26:00,262 INFO  [org.eclim.eclipse.AbstractEclimApplication] Workspace: C:/Users/mike/Documents/descargas/Dropbox/projects_DesarrolloSofwareW_S/eclipse_Projects_W_S
2012-06-02 16:26:00,347 INFO  [org.eclim.eclipse.AbstractEclimApplication] Starting eclim...
2012-06-02 16:26:00,936 INFO  [org.eclim.eclipse.AbstractEclimApplication] Loading plugin org.eclim
2012-06-02 16:26:01,120 INFO  [org.eclim.eclipse.AbstractEclimApplication] Loading plugin org.eclim.core
2012-06-02 16:26:01,981 INFO  [org.eclim.plugin.core.CorePlugin] Loading eclim plugins...
2012-06-02 16:26:03,861 INFO  [org.eclim.plugin.core.CorePlugin] Loading plugin org.eclim.jdt
2012-06-02 16:26:04,244 INFO  [org.eclim.plugin.core.CorePlugin] Plugins loaded.
2012-06-02 16:26:04,248 INFO  [org.eclim.eclipse.AbstractEclimApplication] Loaded plugin org.eclim.core
2012-06-02 16:26:04,249 INFO  [org.eclim.eclipse.AbstractEclimApplication] Eclim Server Started on: 127.0.0.1:9091
2012-06-02 16:36:02,116 INFO  [org.eclim.plugin.core.CorePlugin] Stopping plugin org.eclim.jdt
2012-06-03 17:48:44,773 INFO  [org.eclim.eclipse.AbstractEclimApplication] Workspace: C:/Users/mike/Documents/descargas/Dropbox/projects_DesarrolloSofwareW_S/eclipse_Projects_W_S
2012-06-03 17:48:44,845 INFO  [org.eclim.eclipse.AbstractEclimApplication] Starting eclim...
2012-06-03 17:48:45,267 INFO  [org.eclim.eclipse.AbstractEclimApplication] Loading plugin org.eclim
2012-06-03 17:48:45,481 INFO  [org.eclim.eclipse.AbstractEclimApplication] Loading plugin org.eclim.core
2012-06-03 17:48:45,986 INFO  [org.eclim.plugin.core.CorePlugin] Loading eclim plugins...
2012-06-03 17:48:45,990 INFO  [org.eclim.plugin.core.CorePlugin] Loading plugin org.eclim.jdt
2012-06-03 17:48:46,048 INFO  [org.eclim.plugin.core.CorePlugin] Plugins loaded.
2012-06-03 17:48:46,049 INFO  [org.eclim.eclipse.AbstractEclimApplication] Loaded plugin org.eclim.core
2012-06-03 17:48:46,049 INFO  [org.eclim.eclipse.AbstractEclimApplication] Eclim Server Started on: 127.0.0.1:9091
2012-06-06 02:53:15,065 INFO  [org.eclim.eclipse.AbstractEclimApplication] Shutting down eclim...
2012-06-06 02:53:15,990 INFO  [org.eclim.eclipse.AbstractEclimApplication] Stopping plugin org.eclim.core
2012-06-06 02:53:16,864 INFO  [org.eclim.plugin.core.CorePlugin] Stopping plugin org.eclim.jdt
2012-06-06 02:53:17,193 INFO  [org.eclim.eclipse.AbstractEclimApplication] Clean osgi config...
2012-06-06 02:53:22,955 INFO  [org.eclim.eclipse.AbstractEclimApplication] Eclim stopped.
